<?xml version="1.0" encoding="UTF-8"?>
<!-- Generated by org.testng.reporters.JUnitReportReporter -->
<testsuite hostname="LTIN280760" failures="0" tests="22" name="TestRunner.Runner" time="719.362" errors="0" timestamp="2024-02-29T14:23:25 IST" skipped="0">
  <testcase classname="TestRunner.Runner" name="runScenario" time="49.745"/>
  <system-out/>
  <testcase classname="TestRunner.Runner" name="runScenario" time="67.743"/>
  <system-out/>
  <testcase classname="TestRunner.Runner" name="runScenario" time="27.910"/>
  <system-out/>
  <testcase classname="TestRunner.Runner" name="runScenario" time="37.118"/>
  <system-out/>
  <testcase classname="TestRunner.Runner" name="runScenario" time="29.931"/>
  <system-out/>
  <testcase classname="TestRunner.Runner" name="runScenario" time="32.556"/>
  <system-out/>
  <testcase classname="TestRunner.Runner" name="runScenario" time="31.229"/>
  <system-out/>
  <testcase classname="TestRunner.Runner" name="runScenario" time="21.095"/>
  <system-out/>
  <testcase classname="TestRunner.Runner" name="runScenario" time="28.353"/>
  <system-out/>
  <testcase classname="TestRunner.Runner" name="runScenario" time="53.205"/>
  <system-out/>
  <testcase classname="TestRunner.Runner" name="runScenario" time="27.315"/>
  <system-out/>
  <testcase classname="TestRunner.Runner" name="runScenario" time="30.267"/>
  <system-out/>
  <testcase classname="TestRunner.Runner" name="runScenario" time="46.814"/>
  <system-out/>
  <testcase classname="TestRunner.Runner" name="runScenario" time="21.097"/>
  <system-out/>
  <testcase classname="TestRunner.Runner" name="runScenario" time="29.033"/>
  <system-out/>
  <testcase classname="TestRunner.Runner" name="runScenario" time="34.742"/>
  <system-out/>
  <testcase classname="TestRunner.Runner" name="runScenario" time="22.393"/>
  <system-out/>
  <testcase classname="TestRunner.Runner" name="runScenario" time="26.553"/>
  <system-out/>
  <testcase classname="TestRunner.Runner" name="runScenario" time="15.437"/>
  <system-out/>
  <testcase classname="TestRunner.Runner" name="runScenario" time="22.677"/>
  <system-out/>
  <testcase classname="TestRunner.Runner" name="runScenario" time="30.859"/>
  <system-out/>
  <testcase classname="TestRunner.Runner" name="runScenario" time="33.290"/>
  <system-out/>
</testsuite> <!-- TestRunner.Runner -->
